<?xml version="1.0" encoding="UTF-8"?>
<!-- Generated by org.testng.reporters.JUnitReportReporter -->
<testsuite skipped="0" hostname="Mir-PC" name="com.qtpselenium.zoho.project.suiteB.TestB3" tests="1" failures="0" timestamp="01 Aug 2019 11:17:59 GMT" time="27.956" errors="0">
  <testcase name="testB3" time="27.956" classname="com.qtpselenium.zoho.project.suiteB.TestB3"/>
</testsuite> <!-- com.qtpselenium.zoho.project.suiteB.TestB3 -->
