<?xml version="1.0" encoding="UTF-8"?>
<!-- Generated by org.testng.reporters.JUnitReportReporter -->
<testsuite skipped="0" hostname="Mir-PC" name="com.qtpselenium.zoho.project.suiteA.TestA2" tests="2" failures="0" timestamp="01 Aug 2019 11:17:59 GMT" time="70.032" errors="0">
  <testcase name="testA2" time="55.494" classname="com.qtpselenium.zoho.project.suiteA.TestA2"/>
  <testcase name="testAA2" time="14.538" classname="com.qtpselenium.zoho.project.suiteA.TestA2"/>
</testsuite> <!-- com.qtpselenium.zoho.project.suiteA.TestA2 -->
