<?xml version="1.0" encoding="UTF-8"?>
<!-- Generated by org.testng.reporters.JUnitReportReporter -->
<testsuite skipped="1" hostname="Mir-PC" name="com.qtpselenium.zoho.project.testcases.LoginTest" tests="1" failures="0" timestamp="03 Aug 2019 03:53:39 GMT" time="0.000" errors="0">
  <testcase name="doLoginTest" time="0.000" classname="com.qtpselenium.zoho.project.testcases.LoginTest">
    <skipped/>
  </testcase> <!-- doLoginTest -->
</testsuite> <!-- com.qtpselenium.zoho.project.testcases.LoginTest -->
