<?xml version="1.0" encoding="UTF-8"?>
<!-- Generated by org.testng.reporters.JUnitReportReporter -->
<testsuite skipped="0" hostname="Mir-PC" name="extentReport.testcases.GoogleApp" tests="1" failures="0" timestamp="04 Aug 2019 16:41:55 GMT" time="1.555" errors="0">
  <testcase name="enterText" time="1.555" classname="extentReport.testcases.GoogleApp"/>
</testsuite> <!-- extentReport.testcases.GoogleApp -->
