<?xml version="1.0" encoding="UTF-8"?>
<!-- Generated by org.testng.reporters.JUnitReportReporter -->
<testsuite skipped="0" hostname="Mir-PC" name="com.qtpselenium.zoho.project.testcases.Debug" tests="1" failures="0" timestamp="19 Jul 2019 01:40:07 GMT" time="0.276" errors="0">
  <testcase name="test2" time="0.276" classname="com.qtpselenium.zoho.project.testcases.Debug"/>
</testsuite> <!-- com.qtpselenium.zoho.project.testcases.Debug -->
