<?xml version="1.0" encoding="UTF-8"?>
<!-- Generated by org.testng.reporters.JUnitReportReporter -->
<testsuite skipped="0" hostname="Mir-PC" name="com.qtpselenium.zoho.project.suiteA.TestA1" tests="1" failures="0" timestamp="01 Aug 2019 11:17:59 GMT" time="58.402" errors="0">
  <testcase name="testA1" time="58.402" classname="com.qtpselenium.zoho.project.suiteA.TestA1"/>
</testsuite> <!-- com.qtpselenium.zoho.project.suiteA.TestA1 -->
