<?xml version="1.0" encoding="UTF-8"?>
<!-- Generated by org.testng.reporters.JUnitReportReporter -->
<testsuite skipped="0" hostname="Mir-PC" name="com.qtpselenium.zoho.project.practice.Table_Radiff" tests="1" failures="0" timestamp="21 Jul 2019 03:56:04 GMT" time="5.319" errors="0">
  <testcase name="table" time="5.319" classname="com.qtpselenium.zoho.project.practice.Table_Radiff"/>
</testsuite> <!-- com.qtpselenium.zoho.project.practice.Table_Radiff -->
