<?xml version="1.0" encoding="UTF-8"?>
<!-- Generated by org.testng.reporters.JUnitReportReporter -->
<testsuite skipped="11" hostname="Mir-PC" name="com.qtpselenium.zoho.project.testcases.LeadTest" tests="12" failures="0" timestamp="04 Aug 2019 06:27:38 GMT" time="34.216" errors="0">
  <testcase name="createLeadTest" time="0.035" classname="com.qtpselenium.zoho.project.testcases.LeadTest">
    <skipped/>
  </testcase> <!-- createLeadTest -->
  <testcase name="createLeadTest" time="0.047" classname="com.qtpselenium.zoho.project.testcases.LeadTest">
    <skipped/>
  </testcase> <!-- createLeadTest -->
  <testcase name="createLeadTest" time="2.105" classname="com.qtpselenium.zoho.project.testcases.LeadTest">
    <skipped/>
  </testcase> <!-- createLeadTest -->
  <testcase name="createLeadTest" time="31.490" classname="com.qtpselenium.zoho.project.testcases.LeadTest"/>
  <testcase name="convertLeadTest" time="0.029" classname="com.qtpselenium.zoho.project.testcases.LeadTest">
    <skipped/>
  </testcase> <!-- convertLeadTest -->
  <testcase name="convertLeadTest" time="0.045" classname="com.qtpselenium.zoho.project.testcases.LeadTest">
    <skipped/>
  </testcase> <!-- convertLeadTest -->
  <testcase name="convertLeadTest" time="0.267" classname="com.qtpselenium.zoho.project.testcases.LeadTest">
    <skipped/>
  </testcase> <!-- convertLeadTest -->
  <testcase name="convertLeadTest" time="0.034" classname="com.qtpselenium.zoho.project.testcases.LeadTest">
    <skipped/>
  </testcase> <!-- convertLeadTest -->
  <testcase name="deleteLeadAccountTest" time="0.044" classname="com.qtpselenium.zoho.project.testcases.LeadTest">
    <skipped/>
  </testcase> <!-- deleteLeadAccountTest -->
  <testcase name="deleteLeadAccountTest" time="0.045" classname="com.qtpselenium.zoho.project.testcases.LeadTest">
    <skipped/>
  </testcase> <!-- deleteLeadAccountTest -->
  <testcase name="deleteLeadAccountTest" time="0.036" classname="com.qtpselenium.zoho.project.testcases.LeadTest">
    <skipped/>
  </testcase> <!-- deleteLeadAccountTest -->
  <testcase name="deleteLeadAccountTest" time="0.039" classname="com.qtpselenium.zoho.project.testcases.LeadTest">
    <skipped/>
  </testcase> <!-- deleteLeadAccountTest -->
</testsuite> <!-- com.qtpselenium.zoho.project.testcases.LeadTest -->
