<?xml version="1.0" encoding="UTF-8"?>
<!-- Generated by org.testng.reporters.JUnitReportReporter -->
<testsuite skipped="0" hostname="Mir-PC" name="com.qtpselenium.zoho.project.practice.Debug" tests="1" failures="0" timestamp="21 Jul 2019 05:40:56 GMT" time="40.265" errors="0">
  <testcase name="test2" time="40.265" classname="com.qtpselenium.zoho.project.practice.Debug"/>
</testsuite> <!-- com.qtpselenium.zoho.project.practice.Debug -->
